#-----------------------------------------------------------
# Vivado v2015.2 (64-bit)
# SW Build 1266856 on Fri Jun 26 16:35:25 MDT 2015
# IP Build 1264090 on Wed Jun 24 14:22:01 MDT 2015
# Start of session at: Sat Dec 16 16:17:03 2017
# Process ID: 4076
# Log file: D:/Users/TEMP.PCLABS/Desktop/Projem/Projem/vivado.log
# Journal file: D:/Users/TEMP.PCLABS/Desktop/Projem/Projem\vivado.jou
#-----------------------------------------------------------
start_gui
open_project D:/Users/TEMP.PCLABS/Desktop/Projem/Projem/Projem.xpr
INFO: [Project 1-313] Project file moved from 'D:/Users/TEMP.PCLABS/Desktop/Projem' since last save.
Scanning sources...
Finished scanning sources
INFO: [IP_Flow 19-234] Refreshing IP repositories
INFO: [IP_Flow 19-1704] No user IP repositories specified
INFO: [IP_Flow 19-2313] Loaded Vivado IP repository 'C:/Xilinx/Vivado/2015.2/data/ip'.
open_project: Time (s): cpu = 00:00:12 ; elapsed = 00:00:08 . Memory (MB): peak = 711.383 ; gain = 151.234
exit
INFO: [Common 17-206] Exiting Vivado at Sat Dec 16 16:20:48 2017...
